<!DOCTYPE html>

<html>
  <head>
  <meta charset='utf-8'>
  <title>TestNG reports</title>

    <link type="text/css" href="testng-reports.css" rel="stylesheet" />
    <script type="text/javascript" src="jquery-1.7.1.min.js"></script>
    <script type="text/javascript" src="testng-reports.js"></script>
    <script type="text/javascript" src="https://www.google.com/jsapi"></script>
    <script type='text/javascript'>
      google.load('visualization', '1', {packages:['table']});
      google.setOnLoadCallback(drawTable);
      var suiteTableInitFunctions = new Array();
      var suiteTableData = new Array();
    </script>
    <!--
      <script type="text/javascript" src="jquery-ui/js/jquery-ui-1.8.16.custom.min.js"></script>
     -->
  </head>

  <body>
    <div class="top-banner-root">
      <span class="top-banner-title-font">Test results</span>
      <br/>
      <span class="top-banner-font-1">1 suite, 5 failed tests</span>
    </div> <!-- top-banner-root -->
    <div class="navigator-root">
      <div class="navigator-suite-header">
        <span>All suites</span>
        <a href="#" title="Collapse/expand all the suites" class="collapse-all-link">
          <img src="collapseall.gif" class="collapse-all-icon">
          </img> <!-- collapse-all-icon -->
        </a> <!-- collapse-all-link -->
      </div> <!-- navigator-suite-header -->
      <div class="suite">
        <div class="rounded-window">
          <div class="suite-header light-rounded-window-top">
            <a href="#" panel-name="suite-7Siri_Mobile_Automation" class="navigator-link">
              <span class="suite-name border-failed">7Siri Mobile Automation</span>
            </a> <!-- navigator-link -->
          </div> <!-- suite-header light-rounded-window-top -->
          <div class="navigator-suite-content">
            <div class="suite-section-title">
              <span>Info</span>
            </div> <!-- suite-section-title -->
            <div class="suite-section-content">
              <ul>
                <li>
                  <a href="#" panel-name="test-xml-7Siri_Mobile_Automation" class="navigator-link ">
                    <span>C:\Users\akila\eclipse-workspace\7SriMobileAutomation\testng.xml</span>
                  </a> <!-- navigator-link  -->
                </li>
                <li>
                  <a href="#" panel-name="testlist-7Siri_Mobile_Automation" class="navigator-link ">
                    <span class="test-stats">1 test</span>
                  </a> <!-- navigator-link  -->
                </li>
                <li>
                  <a href="#" panel-name="group-7Siri_Mobile_Automation" class="navigator-link ">
                    <span>0 groups</span>
                  </a> <!-- navigator-link  -->
                </li>
                <li>
                  <a href="#" panel-name="times-7Siri_Mobile_Automation" class="navigator-link ">
                    <span>Times</span>
                  </a> <!-- navigator-link  -->
                </li>
                <li>
                  <a href="#" panel-name="reporter-7Siri_Mobile_Automation" class="navigator-link ">
                    <span>Reporter output</span>
                  </a> <!-- navigator-link  -->
                </li>
                <li>
                  <a href="#" panel-name="ignored-methods-7Siri_Mobile_Automation" class="navigator-link ">
                    <span>Ignored methods</span>
                  </a> <!-- navigator-link  -->
                </li>
                <li>
                  <a href="#" panel-name="chronological-7Siri_Mobile_Automation" class="navigator-link ">
                    <span>Chronological view</span>
                  </a> <!-- navigator-link  -->
                </li>
              </ul>
            </div> <!-- suite-section-content -->
            <div class="result-section">
              <div class="suite-section-title">
                <span>Results</span>
              </div> <!-- suite-section-title -->
              <div class="suite-section-content">
                <ul>
                  <li>
                    <span class="method-stats">5 methods, 5 failed,   </span>
                  </li>
                  <li>
                    <span class="method-list-title failed">Failed methods</span>
                    <span class="show-or-hide-methods failed">
                      <a href="#" panel-name="suite-7Siri_Mobile_Automation" class="hide-methods failed suite-7Siri_Mobile_Automation"> (hide)</a> <!-- hide-methods failed suite-7Siri_Mobile_Automation -->
                      <a href="#" panel-name="suite-7Siri_Mobile_Automation" class="show-methods failed suite-7Siri_Mobile_Automation"> (show)</a> <!-- show-methods failed suite-7Siri_Mobile_Automation -->
                    </span>
                    <div class="method-list-content failed suite-7Siri_Mobile_Automation">
                      <span>
                        <img src="failed.png" width="3%"/>
                        <a href="#" panel-name="suite-7Siri_Mobile_Automation" title="com.qa.tests.UserLogin" class="method navigator-link" hash-for-method="verify_logging_in_with_invalid_email_and_invalid_password">verify_logging_in_with_invalid_email_and_invalid_password</a> <!-- method navigator-link -->
                      </span>
                      <br/>
                      <span>
                        <img src="failed.png" width="3%"/>
                        <a href="#" panel-name="suite-7Siri_Mobile_Automation" title="com.qa.tests.UserLogin" class="method navigator-link" hash-for-method="verify_logging_in_with_invalid_email_and_valid_password">verify_logging_in_with_invalid_email_and_valid_password</a> <!-- method navigator-link -->
                      </span>
                      <br/>
                      <span>
                        <img src="failed.png" width="3%"/>
                        <a href="#" panel-name="suite-7Siri_Mobile_Automation" title="com.qa.tests.UserLogin" class="method navigator-link" hash-for-method="verify_logging_in_with_valid_email_and_invalid_password">verify_logging_in_with_valid_email_and_invalid_password</a> <!-- method navigator-link -->
                      </span>
                      <br/>
                      <span>
                        <img src="failed.png" width="3%"/>
                        <a href="#" panel-name="suite-7Siri_Mobile_Automation" title="com.qa.tests.UserLogin" class="method navigator-link" hash-for-method="verify_logging_in_with_valid_email_and_valid_password">verify_logging_in_with_valid_email_and_valid_password</a> <!-- method navigator-link -->
                      </span>
                      <br/>
                      <span>
                        <img src="failed.png" width="3%"/>
                        <a href="#" panel-name="suite-7Siri_Mobile_Automation" title="com.qa.tests.UserLogin" class="method navigator-link" hash-for-method="verify_logging_in_without_providing_credentials">verify_logging_in_without_providing_credentials</a> <!-- method navigator-link -->
                      </span>
                      <br/>
                    </div> <!-- method-list-content failed suite-7Siri_Mobile_Automation -->
                  </li>
                </ul>
              </div> <!-- suite-section-content -->
            </div> <!-- result-section -->
          </div> <!-- navigator-suite-content -->
        </div> <!-- rounded-window -->
      </div> <!-- suite -->
    </div> <!-- navigator-root -->
    <div class="wrapper">
      <div class="main-panel-root">
        <div panel-name="suite-7Siri_Mobile_Automation" class="panel 7Siri_Mobile_Automation">
          <div class="suite-7Siri_Mobile_Automation-class-failed">
            <div class="main-panel-header rounded-window-top">
              <img src="failed.png"/>
              <span class="class-name">com.qa.tests.UserLogin</span>
            </div> <!-- main-panel-header rounded-window-top -->
            <div class="main-panel-content rounded-window-bottom">
              <div class="method">
                <div class="method-content">
                  <a name="verify_logging_in_with_invalid_email_and_invalid_password">
                  </a> <!-- verify_logging_in_with_invalid_email_and_invalid_password -->
                  <span class="method-name">verify_logging_in_with_invalid_email_and_invalid_password</span>
                  <div class="stack-trace">java.lang.RuntimeException: java.lang.NoSuchMethodException: jdk.proxy2.$Proxy11.proxyClassLookup()
	at io.appium.java_client.pagefactory.bys.builder.AppiumByBuilder.prepareAnnotationMethods(AppiumByBuilder.java:85)
	at io.appium.java_client.pagefactory.bys.builder.AppiumByBuilder.getFilledValue(AppiumByBuilder.java:92)
	at io.appium.java_client.pagefactory.bys.builder.AppiumByBuilder.createBy(AppiumByBuilder.java:148)
	at io.appium.java_client.pagefactory.DefaultElementByBuilder.getBys(DefaultElementByBuilder.java:133)
	at io.appium.java_client.pagefactory.DefaultElementByBuilder.buildMobileNativeBy(DefaultElementByBuilder.java:170)
	at io.appium.java_client.pagefactory.DefaultElementByBuilder.buildBy(DefaultElementByBuilder.java:204)
	at io.appium.java_client.pagefactory.AppiumElementLocatorFactory.createLocator(AppiumElementLocatorFactory.java:66)
	at io.appium.java_client.pagefactory.AppiumElementLocatorFactory.createLocator(AppiumElementLocatorFactory.java:53)
	at io.appium.java_client.pagefactory.AppiumElementLocatorFactory.createLocator(AppiumElementLocatorFactory.java:1)
	at org.openqa.selenium.support.pagefactory.DefaultFieldDecorator.decorate(DefaultFieldDecorator.java:56)
	at io.appium.java_client.pagefactory.AppiumFieldDecorator.decorate(AppiumFieldDecorator.java:154)
	at org.openqa.selenium.support.PageFactory.proxyFields(PageFactory.java:113)
	at org.openqa.selenium.support.PageFactory.initElements(PageFactory.java:105)
	at com.qa.BaseTest.&lt;init&gt;(BaseTest.java:33)
	at com.qa.pages.LoginPage.&lt;init&gt;(LoginPage.java:8)
	at com.qa.tests.UserLogin.verify_logging_in_with_invalid_email_and_invalid_password(UserLogin.java:40)
Caused by: java.lang.NoSuchMethodException: jdk.proxy2.$Proxy11.proxyClassLookup()
	at java.base/java.lang.Class.getMethod(Class.java:2227)
	at io.appium.java_client.pagefactory.bys.builder.AppiumByBuilder.prepareAnnotationMethods(AppiumByBuilder.java:83)
	... 40 more
... Removed 25 stack frames
</div> <!-- stack-trace -->
                </div> <!-- method-content -->
              </div> <!-- method -->
              <div class="method">
                <div class="method-content">
                  <a name="verify_logging_in_with_invalid_email_and_valid_password">
                  </a> <!-- verify_logging_in_with_invalid_email_and_valid_password -->
                  <span class="method-name">verify_logging_in_with_invalid_email_and_valid_password</span>
                  <div class="stack-trace">java.lang.RuntimeException: java.lang.NoSuchMethodException: jdk.proxy2.$Proxy11.proxyClassLookup()
	at io.appium.java_client.pagefactory.bys.builder.AppiumByBuilder.prepareAnnotationMethods(AppiumByBuilder.java:85)
	at io.appium.java_client.pagefactory.bys.builder.AppiumByBuilder.getFilledValue(AppiumByBuilder.java:92)
	at io.appium.java_client.pagefactory.bys.builder.AppiumByBuilder.createBy(AppiumByBuilder.java:148)
	at io.appium.java_client.pagefactory.DefaultElementByBuilder.getBys(DefaultElementByBuilder.java:133)
	at io.appium.java_client.pagefactory.DefaultElementByBuilder.buildMobileNativeBy(DefaultElementByBuilder.java:170)
	at io.appium.java_client.pagefactory.DefaultElementByBuilder.buildBy(DefaultElementByBuilder.java:204)
	at io.appium.java_client.pagefactory.AppiumElementLocatorFactory.createLocator(AppiumElementLocatorFactory.java:66)
	at io.appium.java_client.pagefactory.AppiumElementLocatorFactory.createLocator(AppiumElementLocatorFactory.java:53)
	at io.appium.java_client.pagefactory.AppiumElementLocatorFactory.createLocator(AppiumElementLocatorFactory.java:1)
	at org.openqa.selenium.support.pagefactory.DefaultFieldDecorator.decorate(DefaultFieldDecorator.java:56)
	at io.appium.java_client.pagefactory.AppiumFieldDecorator.decorate(AppiumFieldDecorator.java:154)
	at org.openqa.selenium.support.PageFactory.proxyFields(PageFactory.java:113)
	at org.openqa.selenium.support.PageFactory.initElements(PageFactory.java:105)
	at com.qa.BaseTest.&lt;init&gt;(BaseTest.java:33)
	at com.qa.pages.LoginPage.&lt;init&gt;(LoginPage.java:8)
	at com.qa.tests.UserLogin.verify_logging_in_with_invalid_email_and_valid_password(UserLogin.java:53)
Caused by: java.lang.NoSuchMethodException: jdk.proxy2.$Proxy11.proxyClassLookup()
	at java.base/java.lang.Class.getMethod(Class.java:2227)
	at io.appium.java_client.pagefactory.bys.builder.AppiumByBuilder.prepareAnnotationMethods(AppiumByBuilder.java:83)
	... 40 more
... Removed 25 stack frames
</div> <!-- stack-trace -->
                </div> <!-- method-content -->
              </div> <!-- method -->
              <div class="method">
                <div class="method-content">
                  <a name="verify_logging_in_with_valid_email_and_invalid_password">
                  </a> <!-- verify_logging_in_with_valid_email_and_invalid_password -->
                  <span class="method-name">verify_logging_in_with_valid_email_and_invalid_password</span>
                  <div class="stack-trace">java.lang.RuntimeException: java.lang.NoSuchMethodException: jdk.proxy2.$Proxy11.proxyClassLookup()
	at io.appium.java_client.pagefactory.bys.builder.AppiumByBuilder.prepareAnnotationMethods(AppiumByBuilder.java:85)
	at io.appium.java_client.pagefactory.bys.builder.AppiumByBuilder.getFilledValue(AppiumByBuilder.java:92)
	at io.appium.java_client.pagefactory.bys.builder.AppiumByBuilder.createBy(AppiumByBuilder.java:148)
	at io.appium.java_client.pagefactory.DefaultElementByBuilder.getBys(DefaultElementByBuilder.java:133)
	at io.appium.java_client.pagefactory.DefaultElementByBuilder.buildMobileNativeBy(DefaultElementByBuilder.java:170)
	at io.appium.java_client.pagefactory.DefaultElementByBuilder.buildBy(DefaultElementByBuilder.java:204)
	at io.appium.java_client.pagefactory.AppiumElementLocatorFactory.createLocator(AppiumElementLocatorFactory.java:66)
	at io.appium.java_client.pagefactory.AppiumElementLocatorFactory.createLocator(AppiumElementLocatorFactory.java:53)
	at io.appium.java_client.pagefactory.AppiumElementLocatorFactory.createLocator(AppiumElementLocatorFactory.java:1)
	at org.openqa.selenium.support.pagefactory.DefaultFieldDecorator.decorate(DefaultFieldDecorator.java:56)
	at io.appium.java_client.pagefactory.AppiumFieldDecorator.decorate(AppiumFieldDecorator.java:154)
	at org.openqa.selenium.support.PageFactory.proxyFields(PageFactory.java:113)
	at org.openqa.selenium.support.PageFactory.initElements(PageFactory.java:105)
	at com.qa.BaseTest.&lt;init&gt;(BaseTest.java:33)
	at com.qa.pages.LoginPage.&lt;init&gt;(LoginPage.java:8)
	at com.qa.tests.UserLogin.verify_logging_in_with_valid_email_and_invalid_password(UserLogin.java:68)
Caused by: java.lang.NoSuchMethodException: jdk.proxy2.$Proxy11.proxyClassLookup()
	at java.base/java.lang.Class.getMethod(Class.java:2227)
	at io.appium.java_client.pagefactory.bys.builder.AppiumByBuilder.prepareAnnotationMethods(AppiumByBuilder.java:83)
	... 40 more
... Removed 25 stack frames
</div> <!-- stack-trace -->
                </div> <!-- method-content -->
              </div> <!-- method -->
              <div class="method">
                <div class="method-content">
                  <a name="verify_logging_in_with_valid_email_and_valid_password">
                  </a> <!-- verify_logging_in_with_valid_email_and_valid_password -->
                  <span class="method-name">verify_logging_in_with_valid_email_and_valid_password</span>
                  <div class="stack-trace">java.lang.RuntimeException: java.lang.NoSuchMethodException: jdk.proxy2.$Proxy11.proxyClassLookup()
	at io.appium.java_client.pagefactory.bys.builder.AppiumByBuilder.prepareAnnotationMethods(AppiumByBuilder.java:85)
	at io.appium.java_client.pagefactory.bys.builder.AppiumByBuilder.getFilledValue(AppiumByBuilder.java:92)
	at io.appium.java_client.pagefactory.bys.builder.AppiumByBuilder.createBy(AppiumByBuilder.java:148)
	at io.appium.java_client.pagefactory.DefaultElementByBuilder.getBys(DefaultElementByBuilder.java:133)
	at io.appium.java_client.pagefactory.DefaultElementByBuilder.buildMobileNativeBy(DefaultElementByBuilder.java:170)
	at io.appium.java_client.pagefactory.DefaultElementByBuilder.buildBy(DefaultElementByBuilder.java:204)
	at io.appium.java_client.pagefactory.AppiumElementLocatorFactory.createLocator(AppiumElementLocatorFactory.java:66)
	at io.appium.java_client.pagefactory.AppiumElementLocatorFactory.createLocator(AppiumElementLocatorFactory.java:53)
	at io.appium.java_client.pagefactory.AppiumElementLocatorFactory.createLocator(AppiumElementLocatorFactory.java:1)
	at org.openqa.selenium.support.pagefactory.DefaultFieldDecorator.decorate(DefaultFieldDecorator.java:56)
	at io.appium.java_client.pagefactory.AppiumFieldDecorator.decorate(AppiumFieldDecorator.java:154)
	at org.openqa.selenium.support.PageFactory.proxyFields(PageFactory.java:113)
	at org.openqa.selenium.support.PageFactory.initElements(PageFactory.java:105)
	at com.qa.BaseTest.&lt;init&gt;(BaseTest.java:33)
	at com.qa.pages.LoginPage.&lt;init&gt;(LoginPage.java:8)
	at com.qa.tests.UserLogin.verify_logging_in_with_valid_email_and_valid_password(UserLogin.java:82)
Caused by: java.lang.NoSuchMethodException: jdk.proxy2.$Proxy11.proxyClassLookup()
	at java.base/java.lang.Class.getMethod(Class.java:2227)
	at io.appium.java_client.pagefactory.bys.builder.AppiumByBuilder.prepareAnnotationMethods(AppiumByBuilder.java:83)
	... 40 more
... Removed 25 stack frames
</div> <!-- stack-trace -->
                </div> <!-- method-content -->
              </div> <!-- method -->
              <div class="method">
                <div class="method-content">
                  <a name="verify_logging_in_without_providing_credentials">
                  </a> <!-- verify_logging_in_without_providing_credentials -->
                  <span class="method-name">verify_logging_in_without_providing_credentials</span>
                  <div class="stack-trace">java.lang.RuntimeException: java.lang.NoSuchMethodException: jdk.proxy2.$Proxy11.proxyClassLookup()
	at io.appium.java_client.pagefactory.bys.builder.AppiumByBuilder.prepareAnnotationMethods(AppiumByBuilder.java:85)
	at io.appium.java_client.pagefactory.bys.builder.AppiumByBuilder.getFilledValue(AppiumByBuilder.java:92)
	at io.appium.java_client.pagefactory.bys.builder.AppiumByBuilder.createBy(AppiumByBuilder.java:148)
	at io.appium.java_client.pagefactory.DefaultElementByBuilder.getBys(DefaultElementByBuilder.java:133)
	at io.appium.java_client.pagefactory.DefaultElementByBuilder.buildMobileNativeBy(DefaultElementByBuilder.java:170)
	at io.appium.java_client.pagefactory.DefaultElementByBuilder.buildBy(DefaultElementByBuilder.java:204)
	at io.appium.java_client.pagefactory.AppiumElementLocatorFactory.createLocator(AppiumElementLocatorFactory.java:66)
	at io.appium.java_client.pagefactory.AppiumElementLocatorFactory.createLocator(AppiumElementLocatorFactory.java:53)
	at io.appium.java_client.pagefactory.AppiumElementLocatorFactory.createLocator(AppiumElementLocatorFactory.java:1)
	at org.openqa.selenium.support.pagefactory.DefaultFieldDecorator.decorate(DefaultFieldDecorator.java:56)
	at io.appium.java_client.pagefactory.AppiumFieldDecorator.decorate(AppiumFieldDecorator.java:154)
	at org.openqa.selenium.support.PageFactory.proxyFields(PageFactory.java:113)
	at org.openqa.selenium.support.PageFactory.initElements(PageFactory.java:105)
	at com.qa.BaseTest.&lt;init&gt;(BaseTest.java:33)
	at com.qa.pages.TopNavigation.&lt;init&gt;(TopNavigation.java:8)
	at com.qa.tests.UserLogin.verify_logging_in_without_providing_credentials(UserLogin.java:29)
Caused by: java.lang.NoSuchMethodException: jdk.proxy2.$Proxy11.proxyClassLookup()
	at java.base/java.lang.Class.getMethod(Class.java:2227)
	at io.appium.java_client.pagefactory.bys.builder.AppiumByBuilder.prepareAnnotationMethods(AppiumByBuilder.java:83)
	... 40 more
... Removed 25 stack frames
</div> <!-- stack-trace -->
                </div> <!-- method-content -->
              </div> <!-- method -->
            </div> <!-- main-panel-content rounded-window-bottom -->
          </div> <!-- suite-7Siri_Mobile_Automation-class-failed -->
        </div> <!-- panel 7Siri_Mobile_Automation -->
        <div panel-name="test-xml-7Siri_Mobile_Automation" class="panel">
          <div class="main-panel-header rounded-window-top">
            <span class="header-content">C:\Users\akila\eclipse-workspace\7SriMobileAutomation\testng.xml</span>
          </div> <!-- main-panel-header rounded-window-top -->
          <div class="main-panel-content rounded-window-bottom">
            <pre>
&lt;?xml version=&quot;1.0&quot; encoding=&quot;UTF-8&quot;?&gt;
&lt;!DOCTYPE suite SYSTEM &quot;http://testng.org/testng-1.0.dtd&quot;&gt;
&lt;suite name=&quot;7Siri Mobile Automation&quot; guice-stage=&quot;DEVELOPMENT&quot;&gt;
  &lt;test thread-count=&quot;5&quot; name=&quot;Functional Test Automation&quot;&gt;
    &lt;parameter name=&quot;platformVersion&quot; value=&quot;11&quot;/&gt;
    &lt;parameter name=&quot;platformName&quot; value=&quot;ANDROID&quot;/&gt;
    &lt;parameter name=&quot;udid&quot; value=&quot;emulator-5554&quot;/&gt;
    &lt;parameter name=&quot;deviceName&quot; value=&quot;sdk_gphone_x86&quot;/&gt;
    &lt;classes&gt;
      &lt;class name=&quot;com.qa.tests.UserLogin&quot;/&gt;
    &lt;/classes&gt;
  &lt;/test&gt; &lt;!-- Functional Test Automation --&gt;
&lt;/suite&gt; &lt;!-- 7Siri Mobile Automation --&gt;
            </pre>
          </div> <!-- main-panel-content rounded-window-bottom -->
        </div> <!-- panel -->
        <div panel-name="testlist-7Siri_Mobile_Automation" class="panel">
          <div class="main-panel-header rounded-window-top">
            <span class="header-content">Tests for 7Siri Mobile Automation</span>
          </div> <!-- main-panel-header rounded-window-top -->
          <div class="main-panel-content rounded-window-bottom">
            <ul>
              <li>
                <span class="test-name">Functional Test Automation (1 class)</span>
              </li>
            </ul>
          </div> <!-- main-panel-content rounded-window-bottom -->
        </div> <!-- panel -->
        <div panel-name="group-7Siri_Mobile_Automation" class="panel">
          <div class="main-panel-header rounded-window-top">
            <span class="header-content">Groups for 7Siri Mobile Automation</span>
          </div> <!-- main-panel-header rounded-window-top -->
          <div class="main-panel-content rounded-window-bottom">
          </div> <!-- main-panel-content rounded-window-bottom -->
        </div> <!-- panel -->
        <div panel-name="times-7Siri_Mobile_Automation" class="panel">
          <div class="main-panel-header rounded-window-top">
            <span class="header-content">Times for 7Siri Mobile Automation</span>
          </div> <!-- main-panel-header rounded-window-top -->
          <div class="main-panel-content rounded-window-bottom">
            <div class="times-div">
              <script type="text/javascript">
suiteTableInitFunctions.push('tableData_7Siri_Mobile_Automation');
function tableData_7Siri_Mobile_Automation() {
var data = new google.visualization.DataTable();
data.addColumn('number', 'Number');
data.addColumn('string', 'Method');
data.addColumn('string', 'Class');
data.addColumn('number', 'Time (ms)');
data.addRows(5);
data.setCell(0, 0, 0)
data.setCell(0, 1, 'verify_logging_in_without_providing_credentials')
data.setCell(0, 2, 'com.qa.tests.UserLogin')
data.setCell(0, 3, 15);
data.setCell(1, 0, 1)
data.setCell(1, 1, 'verify_logging_in_with_invalid_email_and_valid_password')
data.setCell(1, 2, 'com.qa.tests.UserLogin')
data.setCell(1, 3, 4);
data.setCell(2, 0, 2)
data.setCell(2, 1, 'verify_logging_in_with_invalid_email_and_invalid_password')
data.setCell(2, 2, 'com.qa.tests.UserLogin')
data.setCell(2, 3, 3);
data.setCell(3, 0, 3)
data.setCell(3, 1, 'verify_logging_in_with_valid_email_and_invalid_password')
data.setCell(3, 2, 'com.qa.tests.UserLogin')
data.setCell(3, 3, 2);
data.setCell(4, 0, 4)
data.setCell(4, 1, 'verify_logging_in_with_valid_email_and_valid_password')
data.setCell(4, 2, 'com.qa.tests.UserLogin')
data.setCell(4, 3, 1);
window.suiteTableData['7Siri_Mobile_Automation']= { tableData: data, tableDiv: 'times-div-7Siri_Mobile_Automation'}
return data;
}
              </script>
              <span class="suite-total-time">Total running time: 25 ms</span>
              <div id="times-div-7Siri_Mobile_Automation">
              </div> <!-- times-div-7Siri_Mobile_Automation -->
            </div> <!-- times-div -->
          </div> <!-- main-panel-content rounded-window-bottom -->
        </div> <!-- panel -->
        <div panel-name="reporter-7Siri_Mobile_Automation" class="panel">
          <div class="main-panel-header rounded-window-top">
            <span class="header-content">Reporter output for 7Siri Mobile Automation</span>
          </div> <!-- main-panel-header rounded-window-top -->
          <div class="main-panel-content rounded-window-bottom">
          </div> <!-- main-panel-content rounded-window-bottom -->
        </div> <!-- panel -->
        <div panel-name="ignored-methods-7Siri_Mobile_Automation" class="panel">
          <div class="main-panel-header rounded-window-top">
            <span class="header-content">0 ignored methods</span>
          </div> <!-- main-panel-header rounded-window-top -->
          <div class="main-panel-content rounded-window-bottom">
          </div> <!-- main-panel-content rounded-window-bottom -->
        </div> <!-- panel -->
        <div panel-name="chronological-7Siri_Mobile_Automation" class="panel">
          <div class="main-panel-header rounded-window-top">
            <span class="header-content">Methods in chronological order</span>
          </div> <!-- main-panel-header rounded-window-top -->
          <div class="main-panel-content rounded-window-bottom">
            <div class="chronological-class">
              <div class="chronological-class-name">com.qa.tests.UserLogin</div> <!-- chronological-class-name -->
              <div class="configuration-class before">
                <span class="method-name">setup(ANDROID, 11, sdk_gphone_x86, emulator-5554)</span>
                <span class="method-start">0 ms</span>
              </div> <!-- configuration-class before -->
              <div class="configuration-method before">
                <span class="method-name">log(public void com.qa.tests.UserLogin.verify_logging_in_without_providing_credentials())</span>
                <span class="method-start">5976 ms</span>
              </div> <!-- configuration-method before -->
              <div class="test-method">
                <img src="failed.png">
                </img>
                <span class="method-name">verify_logging_in_without_providing_credentials</span>
                <span class="method-start">5977 ms</span>
              </div> <!-- test-method -->
              <div class="configuration-method before">
                <span class="method-name">log(public void com.qa.tests.UserLogin.verify_logging_in_with_invalid_email_and_invalid_password())</span>
                <span class="method-start">5998 ms</span>
              </div> <!-- configuration-method before -->
              <div class="test-method">
                <img src="failed.png">
                </img>
                <span class="method-name">verify_logging_in_with_invalid_email_and_invalid_password</span>
                <span class="method-start">5998 ms</span>
              </div> <!-- test-method -->
              <div class="configuration-method before">
                <span class="method-name">log(public void com.qa.tests.UserLogin.verify_logging_in_with_invalid_email_and_valid_password())</span>
                <span class="method-start">6005 ms</span>
              </div> <!-- configuration-method before -->
              <div class="test-method">
                <img src="failed.png">
                </img>
                <span class="method-name">verify_logging_in_with_invalid_email_and_valid_password</span>
                <span class="method-start">6005 ms</span>
              </div> <!-- test-method -->
              <div class="configuration-method before">
                <span class="method-name">log(public void com.qa.tests.UserLogin.verify_logging_in_with_valid_email_and_invalid_password())</span>
                <span class="method-start">6012 ms</span>
              </div> <!-- configuration-method before -->
              <div class="test-method">
                <img src="failed.png">
                </img>
                <span class="method-name">verify_logging_in_with_valid_email_and_invalid_password</span>
                <span class="method-start">6012 ms</span>
              </div> <!-- test-method -->
              <div class="configuration-method before">
                <span class="method-name">log(public void com.qa.tests.UserLogin.verify_logging_in_with_valid_email_and_valid_password())</span>
                <span class="method-start">6016 ms</span>
              </div> <!-- configuration-method before -->
              <div class="test-method">
                <img src="failed.png">
                </img>
                <span class="method-name">verify_logging_in_with_valid_email_and_valid_password</span>
                <span class="method-start">6017 ms</span>
              </div> <!-- test-method -->
              <div class="configuration-class after">
                <span class="method-name">teardown</span>
                <span class="method-start">6020 ms</span>
              </div> <!-- configuration-class after -->
          </div> <!-- main-panel-content rounded-window-bottom -->
        </div> <!-- panel -->
      </div> <!-- main-panel-root -->
    </div> <!-- wrapper -->
  </body>
</html>
